d:\dev\managedcplusplus\imagewrapper\debug\imagewrapper.pch
d:\dev\managedcplusplus\imagewrapper\debug\vc141.pdb
d:\dev\managedcplusplus\imagewrapper\debug\stdafx.obj
d:\dev\managedcplusplus\imagewrapper\debug\imagewrapper.obj
d:\dev\managedcplusplus\imagewrapper\debug\assemblyinfo.obj
d:\dev\managedcplusplus\imagewrapper\debug\.netframework,version=v4.6.1.assemblyattributes.obj
d:\dev\managedcplusplus\imagewrapper\debug\.netframework,version=v4.6.1.assemblyattributes.asm
d:\dev\managedcplusplus\debug\imagewrapper.lib
d:\dev\managedcplusplus\debug\imagewrapper.exp
d:\dev\managedcplusplus\debug\imagewrapper.dll
d:\dev\managedcplusplus\debug\imagewrapper.pdb
d:\dev\managedcplusplus\imagewrapper\debug\app.res
d:\dev\managedcplusplus\imagewrapper\debug\imagewrapper.tlog\cl.command.1.tlog
d:\dev\managedcplusplus\imagewrapper\debug\imagewrapper.tlog\cl.read.1.tlog
d:\dev\managedcplusplus\imagewrapper\debug\imagewrapper.tlog\cl.write.1.tlog
d:\dev\managedcplusplus\imagewrapper\debug\imagewrapper.tlog\imagewrapper.write.1u.tlog
d:\dev\managedcplusplus\imagewrapper\debug\imagewrapper.tlog\link.command.1.tlog
d:\dev\managedcplusplus\imagewrapper\debug\imagewrapper.tlog\link.read.1.tlog
d:\dev\managedcplusplus\imagewrapper\debug\imagewrapper.tlog\link.write.1.tlog
d:\dev\managedcplusplus\imagewrapper\debug\imagewrapper.tlog\metagen.read.1.tlog
d:\dev\managedcplusplus\imagewrapper\debug\imagewrapper.tlog\metagen.write.1.tlog
d:\dev\managedcplusplus\imagewrapper\debug\imagewrapper.tlog\rc.command.1.tlog
d:\dev\managedcplusplus\imagewrapper\debug\imagewrapper.tlog\rc.read.1.tlog
d:\dev\managedcplusplus\imagewrapper\debug\imagewrapper.tlog\rc.write.1.tlog
d:\dev\managedcplusplus\imagewrapper\debug\imagewrapper.tlog\rsaenh.dll.bi
d:\dev\managedcplusplus\imagewrapper\debug\imagewrapper.tlog\tzres.dll.bi
