d:\dev\managedcplusplus\imageandcamera\debug\imageandcamera.pch
d:\dev\managedcplusplus\imageandcamera\debug\vc141.pdb
d:\dev\managedcplusplus\imageandcamera\debug\stdafx.obj
d:\dev\managedcplusplus\imageandcamera\debug\xxxcamera.obj
d:\dev\managedcplusplus\imageandcamera\debug\imageandcamera.obj
d:\dev\managedcplusplus\imageandcamera\debug\assemblyinfo.obj
d:\dev\managedcplusplus\imageandcamera\debug\.netframework,version=v4.6.1.assemblyattributes.obj
d:\dev\managedcplusplus\imageandcamera\debug\.netframework,version=v4.6.1.assemblyattributes.asm
d:\dev\managedcplusplus\debug\imageandcamera.lib
d:\dev\managedcplusplus\debug\imageandcamera.exp
d:\dev\managedcplusplus\debug\imageandcamera.dll
d:\dev\managedcplusplus\debug\imageandcamera.pdb
d:\dev\managedcplusplus\imageandcamera\debug\app.res
d:\dev\managedcplusplus\imageandcamera\debug\imageandcamera.tlog\cl.command.1.tlog
d:\dev\managedcplusplus\imageandcamera\debug\imageandcamera.tlog\cl.read.1.tlog
d:\dev\managedcplusplus\imageandcamera\debug\imageandcamera.tlog\cl.write.1.tlog
d:\dev\managedcplusplus\imageandcamera\debug\imageandcamera.tlog\imageandcamera.write.1u.tlog
d:\dev\managedcplusplus\imageandcamera\debug\imageandcamera.tlog\link.command.1.tlog
d:\dev\managedcplusplus\imageandcamera\debug\imageandcamera.tlog\link.read.1.tlog
d:\dev\managedcplusplus\imageandcamera\debug\imageandcamera.tlog\link.write.1.tlog
d:\dev\managedcplusplus\imageandcamera\debug\imageandcamera.tlog\metagen.read.1.tlog
d:\dev\managedcplusplus\imageandcamera\debug\imageandcamera.tlog\metagen.write.1.tlog
d:\dev\managedcplusplus\imageandcamera\debug\imageandcamera.tlog\rc.command.1.tlog
d:\dev\managedcplusplus\imageandcamera\debug\imageandcamera.tlog\rc.read.1.tlog
d:\dev\managedcplusplus\imageandcamera\debug\imageandcamera.tlog\rc.write.1.tlog
d:\dev\managedcplusplus\imageandcamera\debug\imageandcamera.tlog\rsaenh.dll.bi
d:\dev\managedcplusplus\imageandcamera\debug\imageandcamera.tlog\tzres.dll.bi
