d:\dev\managedcplusplus\debug\camerawrapper.lib
d:\dev\managedcplusplus\debug\camerawrapper.exp
d:\dev\managedcplusplus\camerawrapper\debug\camerawrapper.pch
d:\dev\managedcplusplus\camerawrapper\debug\vc141.pdb
d:\dev\managedcplusplus\camerawrapper\debug\stdafx.obj
d:\dev\managedcplusplus\camerawrapper\debug\camerawrapper.obj
d:\dev\managedcplusplus\camerawrapper\debug\assemblyinfo.obj
d:\dev\managedcplusplus\camerawrapper\debug\.netframework,version=v4.6.1.assemblyattributes.obj
d:\dev\managedcplusplus\camerawrapper\debug\.netframework,version=v4.6.1.assemblyattributes.asm
d:\dev\managedcplusplus\debug\camerawrapper.dll
d:\dev\managedcplusplus\debug\camerawrapper.pdb
d:\dev\managedcplusplus\camerawrapper\debug\app.res
d:\dev\managedcplusplus\camerawrapper\debug\camerawrapper.tlog\camerawrapper.write.1u.tlog
d:\dev\managedcplusplus\camerawrapper\debug\camerawrapper.tlog\cl.command.1.tlog
d:\dev\managedcplusplus\camerawrapper\debug\camerawrapper.tlog\cl.read.1.tlog
d:\dev\managedcplusplus\camerawrapper\debug\camerawrapper.tlog\cl.write.1.tlog
d:\dev\managedcplusplus\camerawrapper\debug\camerawrapper.tlog\link.command.1.tlog
d:\dev\managedcplusplus\camerawrapper\debug\camerawrapper.tlog\link.read.1.tlog
d:\dev\managedcplusplus\camerawrapper\debug\camerawrapper.tlog\link.write.1.tlog
d:\dev\managedcplusplus\camerawrapper\debug\camerawrapper.tlog\metagen.read.1.tlog
d:\dev\managedcplusplus\camerawrapper\debug\camerawrapper.tlog\metagen.write.1.tlog
d:\dev\managedcplusplus\camerawrapper\debug\camerawrapper.tlog\rc.command.1.tlog
d:\dev\managedcplusplus\camerawrapper\debug\camerawrapper.tlog\rc.read.1.tlog
d:\dev\managedcplusplus\camerawrapper\debug\camerawrapper.tlog\rc.write.1.tlog
d:\dev\managedcplusplus\camerawrapper\debug\camerawrapper.tlog\rsaenh.dll.bi
d:\dev\managedcplusplus\camerawrapper\debug\camerawrapper.tlog\tzres.dll.bi
